#! /opt/homebrew/Cellar/icarus-verilog/11.0/bin/vvp
:ivl_version "11.0 (stable)";
:ivl_delay_selection "TYPICAL";
:vpi_time_precision - 12;
:vpi_module "/opt/homebrew/Cellar/icarus-verilog/11.0/lib/ivl/system.vpi";
:vpi_module "/opt/homebrew/Cellar/icarus-verilog/11.0/lib/ivl/vhdl_sys.vpi";
:vpi_module "/opt/homebrew/Cellar/icarus-verilog/11.0/lib/ivl/vhdl_textio.vpi";
:vpi_module "/opt/homebrew/Cellar/icarus-verilog/11.0/lib/ivl/v2005_math.vpi";
:vpi_module "/opt/homebrew/Cellar/icarus-verilog/11.0/lib/ivl/va_math.vpi";
S_0x13070d730 .scope module, "CPU1_tp" "CPU1_tp" 2 8;
 .timescale -12 -12;
P_0x1307198c0 .param/l "STEP" 0 2 13, +C4<00000000000011110100001001000000>;
v0x130733cc0_0 .var "INST", 15 0;
v0x130733d50_0 .var "ck", 0 0;
v0x130733e60_0 .var "res", 0 0;
S_0x13070d8a0 .scope module, "CPU1" "CPU1" 2 15, 3 6 0, S_0x13070d730;
 .timescale 0 0;
    .port_info 0 /INPUT 1 "ck";
    .port_info 1 /INPUT 1 "res";
    .port_info 2 /INPUT 16 "INST";
P_0x13071fdc0 .param/l "CPU_STATE_EX" 0 3 23, C4<011>;
P_0x13071fe00 .param/l "CPU_STATE_ID" 0 3 21, C4<001>;
P_0x13071fe40 .param/l "CPU_STATE_IF" 0 3 20, C4<000>;
P_0x13071fe80 .param/l "CPU_STATE_REG" 0 3 22, C4<010>;
P_0x13071fec0 .param/l "CPU_STATE_WB" 0 3 24, C4<100>;
v0x130732f30_0 .net "INST", 15 0, v0x130733cc0_0;  1 drivers
L_0x138068010 .functor BUFT 1, C4<100>, C4<0>, C4<0>, C4<0>;
v0x130732fe0_0 .net/2u *"_ivl_0", 2 0, L_0x138068010;  1 drivers
v0x130733070_0 .net *"_ivl_2", 0 0, L_0x130733f70;  1 drivers
L_0x138068058 .functor BUFT 1, C4<0>, C4<0>, C4<0>, C4<0>;
v0x130733100_0 .net/2u *"_ivl_4", 0 0, L_0x138068058;  1 drivers
v0x130733190_0 .net "ck", 0 0, v0x130733d50_0;  1 drivers
v0x130733260_0 .var "cpu_state", 2 0;
v0x130733300_0 .net "dec_oin", 0 0, v0x130731680_0;  1 drivers
v0x130733390_0 .net "lbus", 15 0, v0x130732020_0;  1 drivers
v0x130733460_0 .net "lout", 0 0, v0x130731540_0;  1 drivers
v0x130733570_0 .net "lsel", 2 0, v0x1307315d0_0;  1 drivers
v0x130733640_0 .net "obus", 15 0, v0x130730d50_0;  1 drivers
v0x130733710_0 .net "op", 3 0, v0x130731720_0;  1 drivers
v0x1307337e0_0 .net "osel", 2 0, v0x130731800_0;  1 drivers
RS_0x1380300a0 .resolv tri, v0x1307318a0_0, v0x130732470_0;
v0x1307338b0_0 .net8 "rbus", 15 0, RS_0x1380300a0;  2 drivers
v0x130733940_0 .net "reg_oin", 0 0, L_0x130734010;  1 drivers
v0x1307339d0_0 .net "res", 0 0, v0x130733e60_0;  1 drivers
v0x130733a60_0 .net "rout", 0 0, v0x130731960_0;  1 drivers
v0x130733c30_0 .net "rsel", 2 0, v0x1307319f0_0;  1 drivers
L_0x130733f70 .cmp/eq 3, v0x130733260_0, L_0x138068010;
L_0x130734010 .functor MUXZ 1, L_0x138068058, v0x130731680_0, L_0x130733f70, C4<>;
S_0x130704af0 .scope module, "ALU" "ALU" 3 54, 4 3 0, S_0x13070d8a0;
 .timescale 0 0;
    .port_info 0 /INPUT 1 "ck";
    .port_info 1 /INPUT 1 "res";
    .port_info 2 /INPUT 16 "L";
    .port_info 3 /INPUT 16 "R";
    .port_info 4 /INPUT 4 "OP";
    .port_info 5 /OUTPUT 16 "O";
v0x1307229a0_0 .net "L", 15 0, v0x130732020_0;  alias, 1 drivers
v0x130730d50_0 .var "O", 15 0;
v0x130730e00_0 .net "OP", 3 0, v0x130731720_0;  alias, 1 drivers
v0x130730ec0_0 .net8 "R", 15 0, RS_0x1380300a0;  alias, 2 drivers
v0x130730f70_0 .net "ck", 0 0, v0x130733d50_0;  alias, 1 drivers
v0x130731050_0 .net "res", 0 0, v0x130733e60_0;  alias, 1 drivers
E_0x130720f50 .event posedge, v0x130731050_0, v0x130730f70_0;
S_0x130731180 .scope module, "decoder" "decoder" 3 26, 5 2 0, S_0x13070d8a0;
 .timescale 0 0;
    .port_info 0 /INPUT 1 "ck";
    .port_info 1 /INPUT 1 "res";
    .port_info 2 /INPUT 16 "INST";
    .port_info 3 /OUTPUT 4 "OP";
    .port_info 4 /OUTPUT 3 "LSEL";
    .port_info 5 /OUTPUT 3 "RSEL";
    .port_info 6 /OUTPUT 3 "OSEL";
    .port_info 7 /OUTPUT 1 "LOUT";
    .port_info 8 /OUTPUT 1 "ROUT";
    .port_info 9 /OUTPUT 1 "OIN";
    .port_info 10 /OUTPUT 16 "R";
v0x1307314b0_0 .net "INST", 15 0, v0x130733cc0_0;  alias, 1 drivers
v0x130731540_0 .var "LOUT", 0 0;
v0x1307315d0_0 .var "LSEL", 2 0;
v0x130731680_0 .var "OIN", 0 0;
v0x130731720_0 .var "OP", 3 0;
v0x130731800_0 .var "OSEL", 2 0;
v0x1307318a0_0 .var "R", 15 0;
v0x130731960_0 .var "ROUT", 0 0;
v0x1307319f0_0 .var "RSEL", 2 0;
v0x130731b20_0 .net "ck", 0 0, v0x130733d50_0;  alias, 1 drivers
v0x130731bd0_0 .net "res", 0 0, v0x130733e60_0;  alias, 1 drivers
S_0x130731d30 .scope module, "register" "regfile" 3 40, 6 3 0, S_0x13070d8a0;
 .timescale 0 0;
    .port_info 0 /INPUT 1 "ck";
    .port_info 1 /INPUT 1 "res";
    .port_info 2 /INPUT 16 "O";
    .port_info 3 /INPUT 3 "LSEL";
    .port_info 4 /INPUT 1 "LOUT";
    .port_info 5 /INPUT 3 "RSEL";
    .port_info 6 /INPUT 1 "ROUT";
    .port_info 7 /INPUT 3 "OSEL";
    .port_info 8 /INPUT 1 "OIN";
    .port_info 9 /OUTPUT 16 "L";
    .port_info 10 /OUTPUT 16 "R";
v0x130732020_0 .var "L", 15 0;
v0x1307320e0_0 .net "LOUT", 0 0, v0x130731540_0;  alias, 1 drivers
v0x130732190_0 .net "LSEL", 2 0, v0x1307315d0_0;  alias, 1 drivers
v0x130732260_0 .net "O", 15 0, v0x130730d50_0;  alias, 1 drivers
v0x130732310_0 .net "OIN", 0 0, L_0x130734010;  alias, 1 drivers
v0x1307323e0_0 .net "OSEL", 2 0, v0x130731800_0;  alias, 1 drivers
v0x130732470_0 .var "R", 15 0;
v0x130732540_0 .net "ROUT", 0 0, v0x130731960_0;  alias, 1 drivers
v0x1307325d0_0 .net "RSEL", 2 0, v0x1307319f0_0;  alias, 1 drivers
v0x130732700_0 .net "ck", 0 0, v0x130733d50_0;  alias, 1 drivers
v0x130732790_0 .var "r0", 15 0;
v0x130732820_0 .var "r1", 15 0;
v0x1307328d0_0 .var "r2", 15 0;
v0x130732980_0 .var "r3", 15 0;
v0x130732a30_0 .var "r4", 15 0;
v0x130732ae0_0 .var "r5", 15 0;
v0x130732b90_0 .var "r6", 15 0;
v0x130732d20_0 .var "r7", 15 0;
v0x130732dd0_0 .net "res", 0 0, v0x130733e60_0;  alias, 1 drivers
    .scope S_0x130731180;
T_0 ;
    %wait E_0x130720f50;
    %load/vec4 v0x130731bd0_0;
    %flag_set/vec4 8;
    %jmp/0xz  T_0.0, 8;
    %pushi/vec4 0, 65535, 16;
    %assign/vec4 v0x1307318a0_0, 0;
    %pushi/vec4 0, 0, 4;
    %assign/vec4 v0x130731720_0, 0;
    %pushi/vec4 0, 0, 3;
    %assign/vec4 v0x1307315d0_0, 0;
    %pushi/vec4 0, 0, 1;
    %assign/vec4 v0x130731540_0, 0;
    %pushi/vec4 0, 0, 3;
    %assign/vec4 v0x1307319f0_0, 0;
    %pushi/vec4 0, 0, 1;
    %assign/vec4 v0x130731960_0, 0;
    %pushi/vec4 0, 0, 3;
    %assign/vec4 v0x130731800_0, 0;
    %pushi/vec4 0, 0, 1;
    %assign/vec4 v0x130731680_0, 0;
    %jmp T_0.1;
T_0.0 ;
    %load/vec4 v0x1307314b0_0;
    %parti/s 4, 12, 5;
    %cmpi/e 1, 0, 4;
    %flag_mov 8, 4;
    %load/vec4 v0x1307314b0_0;
    %parti/s 4, 12, 5;
    %cmpi/e 2, 0, 4;
    %flag_or 4, 8;
    %flag_mov 8, 4;
    %load/vec4 v0x1307314b0_0;
    %parti/s 4, 12, 5;
    %cmpi/e 3, 0, 4;
    %flag_or 4, 8;
    %flag_mov 8, 4;
    %load/vec4 v0x1307314b0_0;
    %parti/s 4, 12, 5;
    %cmpi/e 4, 0, 4;
    %flag_or 4, 8;
    %flag_mov 8, 4;
    %load/vec4 v0x1307314b0_0;
    %parti/s 4, 12, 5;
    %cmpi/e 5, 0, 4;
    %flag_or 4, 8;
    %jmp/0xz  T_0.2, 4;
    %load/vec4 v0x1307314b0_0;
    %parti/s 4, 12, 5;
    %assign/vec4 v0x130731720_0, 0;
    %load/vec4 v0x1307314b0_0;
    %parti/s 3, 6, 4;
    %assign/vec4 v0x1307315d0_0, 0;
    %pushi/vec4 1, 0, 1;
    %assign/vec4 v0x130731540_0, 0;
    %load/vec4 v0x1307314b0_0;
    %parti/s 3, 3, 3;
    %assign/vec4 v0x1307319f0_0, 0;
    %pushi/vec4 1, 0, 1;
    %assign/vec4 v0x130731960_0, 0;
    %load/vec4 v0x1307314b0_0;
    %parti/s 3, 9, 5;
    %assign/vec4 v0x130731800_0, 0;
    %pushi/vec4 1, 0, 1;
    %assign/vec4 v0x130731680_0, 0;
    %pushi/vec4 0, 65535, 16;
    %assign/vec4 v0x1307318a0_0, 0;
    %jmp T_0.3;
T_0.2 ;
    %load/vec4 v0x1307314b0_0;
    %parti/s 4, 12, 5;
    %cmpi/e 6, 0, 4;
    %jmp/0xz  T_0.4, 4;
    %load/vec4 v0x1307314b0_0;
    %parti/s 4, 12, 5;
    %assign/vec4 v0x130731720_0, 0;
    %load/vec4 v0x1307314b0_0;
    %parti/s 3, 9, 5;
    %assign/vec4 v0x130731800_0, 0;
    %pushi/vec4 1, 0, 1;
    %assign/vec4 v0x130731680_0, 0;
    %pushi/vec4 0, 0, 1;
    %assign/vec4 v0x130731540_0, 0;
    %pushi/vec4 0, 0, 1;
    %assign/vec4 v0x130731960_0, 0;
    %pushi/vec4 0, 0, 7;
    %load/vec4 v0x1307314b0_0;
    %parti/s 9, 0, 2;
    %concat/vec4; draw_concat_vec4
    %assign/vec4 v0x1307318a0_0, 0;
T_0.4 ;
T_0.3 ;
T_0.1 ;
    %jmp T_0;
    .thread T_0;
    .scope S_0x130731d30;
T_1 ;
    %wait E_0x130720f50;
    %load/vec4 v0x130732dd0_0;
    %flag_set/vec4 8;
    %jmp/0xz  T_1.0, 8;
    %pushi/vec4 0, 0, 16;
    %assign/vec4 v0x130732790_0, 0;
    %pushi/vec4 0, 0, 16;
    %assign/vec4 v0x130732820_0, 0;
    %pushi/vec4 0, 0, 16;
    %assign/vec4 v0x1307328d0_0, 0;
    %pushi/vec4 0, 0, 16;
    %assign/vec4 v0x130732980_0, 0;
    %pushi/vec4 0, 0, 16;
    %assign/vec4 v0x130732a30_0, 0;
    %pushi/vec4 0, 0, 16;
    %assign/vec4 v0x130732ae0_0, 0;
    %pushi/vec4 0, 0, 16;
    %assign/vec4 v0x130732b90_0, 0;
    %pushi/vec4 0, 0, 16;
    %assign/vec4 v0x130732d20_0, 0;
    %pushi/vec4 0, 65535, 16;
    %assign/vec4 v0x130732020_0, 0;
    %pushi/vec4 0, 65535, 16;
    %assign/vec4 v0x130732470_0, 0;
    %jmp T_1.1;
T_1.0 ;
    %load/vec4 v0x1307320e0_0;
    %flag_set/vec4 8;
    %jmp/0xz  T_1.2, 8;
    %load/vec4 v0x130732190_0;
    %dup/vec4;
    %pushi/vec4 0, 0, 3;
    %cmp/u;
    %jmp/1 T_1.4, 6;
    %dup/vec4;
    %pushi/vec4 1, 0, 3;
    %cmp/u;
    %jmp/1 T_1.5, 6;
    %dup/vec4;
    %pushi/vec4 2, 0, 3;
    %cmp/u;
    %jmp/1 T_1.6, 6;
    %dup/vec4;
    %pushi/vec4 3, 0, 3;
    %cmp/u;
    %jmp/1 T_1.7, 6;
    %dup/vec4;
    %pushi/vec4 4, 0, 3;
    %cmp/u;
    %jmp/1 T_1.8, 6;
    %dup/vec4;
    %pushi/vec4 5, 0, 3;
    %cmp/u;
    %jmp/1 T_1.9, 6;
    %dup/vec4;
    %pushi/vec4 6, 0, 3;
    %cmp/u;
    %jmp/1 T_1.10, 6;
    %dup/vec4;
    %pushi/vec4 7, 0, 3;
    %cmp/u;
    %jmp/1 T_1.11, 6;
    %jmp T_1.12;
T_1.4 ;
    %load/vec4 v0x130732790_0;
    %assign/vec4 v0x130732020_0, 0;
    %jmp T_1.12;
T_1.5 ;
    %load/vec4 v0x130732820_0;
    %assign/vec4 v0x130732020_0, 0;
    %jmp T_1.12;
T_1.6 ;
    %load/vec4 v0x1307328d0_0;
    %assign/vec4 v0x130732020_0, 0;
    %jmp T_1.12;
T_1.7 ;
    %load/vec4 v0x130732980_0;
    %assign/vec4 v0x130732020_0, 0;
    %jmp T_1.12;
T_1.8 ;
    %load/vec4 v0x130732a30_0;
    %assign/vec4 v0x130732020_0, 0;
    %jmp T_1.12;
T_1.9 ;
    %load/vec4 v0x130732ae0_0;
    %assign/vec4 v0x130732020_0, 0;
    %jmp T_1.12;
T_1.10 ;
    %load/vec4 v0x130732b90_0;
    %assign/vec4 v0x130732020_0, 0;
    %jmp T_1.12;
T_1.11 ;
    %load/vec4 v0x130732d20_0;
    %assign/vec4 v0x130732020_0, 0;
    %jmp T_1.12;
T_1.12 ;
    %pop/vec4 1;
    %jmp T_1.3;
T_1.2 ;
    %pushi/vec4 0, 65535, 16;
    %assign/vec4 v0x130732020_0, 0;
T_1.3 ;
    %load/vec4 v0x130732540_0;
    %flag_set/vec4 8;
    %jmp/0xz  T_1.13, 8;
    %load/vec4 v0x1307325d0_0;
    %dup/vec4;
    %pushi/vec4 0, 0, 3;
    %cmp/u;
    %jmp/1 T_1.15, 6;
    %dup/vec4;
    %pushi/vec4 1, 0, 3;
    %cmp/u;
    %jmp/1 T_1.16, 6;
    %dup/vec4;
    %pushi/vec4 2, 0, 3;
    %cmp/u;
    %jmp/1 T_1.17, 6;
    %dup/vec4;
    %pushi/vec4 3, 0, 3;
    %cmp/u;
    %jmp/1 T_1.18, 6;
    %dup/vec4;
    %pushi/vec4 4, 0, 3;
    %cmp/u;
    %jmp/1 T_1.19, 6;
    %dup/vec4;
    %pushi/vec4 5, 0, 3;
    %cmp/u;
    %jmp/1 T_1.20, 6;
    %dup/vec4;
    %pushi/vec4 6, 0, 3;
    %cmp/u;
    %jmp/1 T_1.21, 6;
    %dup/vec4;
    %pushi/vec4 7, 0, 3;
    %cmp/u;
    %jmp/1 T_1.22, 6;
    %jmp T_1.23;
T_1.15 ;
    %load/vec4 v0x130732790_0;
    %assign/vec4 v0x130732470_0, 0;
    %jmp T_1.23;
T_1.16 ;
    %load/vec4 v0x130732820_0;
    %assign/vec4 v0x130732470_0, 0;
    %jmp T_1.23;
T_1.17 ;
    %load/vec4 v0x1307328d0_0;
    %assign/vec4 v0x130732470_0, 0;
    %jmp T_1.23;
T_1.18 ;
    %load/vec4 v0x130732980_0;
    %assign/vec4 v0x130732470_0, 0;
    %jmp T_1.23;
T_1.19 ;
    %load/vec4 v0x130732a30_0;
    %assign/vec4 v0x130732470_0, 0;
    %jmp T_1.23;
T_1.20 ;
    %load/vec4 v0x130732ae0_0;
    %assign/vec4 v0x130732470_0, 0;
    %jmp T_1.23;
T_1.21 ;
    %load/vec4 v0x130732b90_0;
    %assign/vec4 v0x130732470_0, 0;
    %jmp T_1.23;
T_1.22 ;
    %load/vec4 v0x130732d20_0;
    %assign/vec4 v0x130732470_0, 0;
    %jmp T_1.23;
T_1.23 ;
    %pop/vec4 1;
    %jmp T_1.14;
T_1.13 ;
    %pushi/vec4 0, 65535, 16;
    %assign/vec4 v0x130732470_0, 0;
T_1.14 ;
    %load/vec4 v0x130732310_0;
    %flag_set/vec4 8;
    %jmp/0xz  T_1.24, 8;
    %load/vec4 v0x1307323e0_0;
    %dup/vec4;
    %pushi/vec4 0, 0, 3;
    %cmp/u;
    %jmp/1 T_1.26, 6;
    %dup/vec4;
    %pushi/vec4 1, 0, 3;
    %cmp/u;
    %jmp/1 T_1.27, 6;
    %dup/vec4;
    %pushi/vec4 2, 0, 3;
    %cmp/u;
    %jmp/1 T_1.28, 6;
    %dup/vec4;
    %pushi/vec4 3, 0, 3;
    %cmp/u;
    %jmp/1 T_1.29, 6;
    %dup/vec4;
    %pushi/vec4 4, 0, 3;
    %cmp/u;
    %jmp/1 T_1.30, 6;
    %dup/vec4;
    %pushi/vec4 5, 0, 3;
    %cmp/u;
    %jmp/1 T_1.31, 6;
    %dup/vec4;
    %pushi/vec4 6, 0, 3;
    %cmp/u;
    %jmp/1 T_1.32, 6;
    %dup/vec4;
    %pushi/vec4 7, 0, 3;
    %cmp/u;
    %jmp/1 T_1.33, 6;
    %jmp T_1.34;
T_1.26 ;
    %load/vec4 v0x130732260_0;
    %assign/vec4 v0x130732790_0, 0;
    %jmp T_1.34;
T_1.27 ;
    %load/vec4 v0x130732260_0;
    %assign/vec4 v0x130732820_0, 0;
    %jmp T_1.34;
T_1.28 ;
    %load/vec4 v0x130732260_0;
    %assign/vec4 v0x1307328d0_0, 0;
    %jmp T_1.34;
T_1.29 ;
    %load/vec4 v0x130732260_0;
    %assign/vec4 v0x130732980_0, 0;
    %jmp T_1.34;
T_1.30 ;
    %load/vec4 v0x130732260_0;
    %assign/vec4 v0x130732a30_0, 0;
    %jmp T_1.34;
T_1.31 ;
    %load/vec4 v0x130732260_0;
    %assign/vec4 v0x130732ae0_0, 0;
    %jmp T_1.34;
T_1.32 ;
    %load/vec4 v0x130732260_0;
    %assign/vec4 v0x130732b90_0, 0;
    %jmp T_1.34;
T_1.33 ;
    %load/vec4 v0x130732260_0;
    %assign/vec4 v0x130732d20_0, 0;
    %jmp T_1.34;
T_1.34 ;
    %pop/vec4 1;
T_1.24 ;
T_1.1 ;
    %jmp T_1;
    .thread T_1;
    .scope S_0x130704af0;
T_2 ;
    %wait E_0x130720f50;
    %load/vec4 v0x130731050_0;
    %flag_set/vec4 8;
    %jmp/0xz  T_2.0, 8;
    %pushi/vec4 0, 65535, 16;
    %assign/vec4 v0x130730d50_0, 0;
    %jmp T_2.1;
T_2.0 ;
    %load/vec4 v0x130730e00_0;
    %dup/vec4;
    %pushi/vec4 1, 0, 4;
    %cmp/u;
    %jmp/1 T_2.2, 6;
    %dup/vec4;
    %pushi/vec4 2, 0, 4;
    %cmp/u;
    %jmp/1 T_2.3, 6;
    %dup/vec4;
    %pushi/vec4 3, 0, 4;
    %cmp/u;
    %jmp/1 T_2.4, 6;
    %dup/vec4;
    %pushi/vec4 4, 0, 4;
    %cmp/u;
    %jmp/1 T_2.5, 6;
    %dup/vec4;
    %pushi/vec4 5, 0, 4;
    %cmp/u;
    %jmp/1 T_2.6, 6;
    %dup/vec4;
    %pushi/vec4 6, 0, 4;
    %cmp/u;
    %jmp/1 T_2.7, 6;
    %pushi/vec4 0, 65535, 16;
    %assign/vec4 v0x130730d50_0, 0;
    %jmp T_2.9;
T_2.2 ;
    %load/vec4 v0x1307229a0_0;
    %load/vec4 v0x130730ec0_0;
    %add;
    %assign/vec4 v0x130730d50_0, 0;
    %jmp T_2.9;
T_2.3 ;
    %load/vec4 v0x1307229a0_0;
    %load/vec4 v0x130730ec0_0;
    %sub;
    %assign/vec4 v0x130730d50_0, 0;
    %jmp T_2.9;
T_2.4 ;
    %load/vec4 v0x1307229a0_0;
    %load/vec4 v0x130730ec0_0;
    %and;
    %assign/vec4 v0x130730d50_0, 0;
    %jmp T_2.9;
T_2.5 ;
    %load/vec4 v0x1307229a0_0;
    %load/vec4 v0x130730ec0_0;
    %or;
    %assign/vec4 v0x130730d50_0, 0;
    %jmp T_2.9;
T_2.6 ;
    %load/vec4 v0x1307229a0_0;
    %load/vec4 v0x130730ec0_0;
    %xor;
    %assign/vec4 v0x130730d50_0, 0;
    %jmp T_2.9;
T_2.7 ;
    %load/vec4 v0x130730ec0_0;
    %assign/vec4 v0x130730d50_0, 0;
    %jmp T_2.9;
T_2.9 ;
    %pop/vec4 1;
T_2.1 ;
    %jmp T_2;
    .thread T_2;
    .scope S_0x13070d8a0;
T_3 ;
    %wait E_0x130720f50;
    %load/vec4 v0x1307339d0_0;
    %flag_set/vec4 8;
    %jmp/0xz  T_3.0, 8;
    %pushi/vec4 0, 0, 3;
    %assign/vec4 v0x130733260_0, 0;
    %jmp T_3.1;
T_3.0 ;
    %load/vec4 v0x130733260_0;
    %cmpi/e 0, 0, 3;
    %jmp/0xz  T_3.2, 4;
    %pushi/vec4 1, 0, 3;
    %assign/vec4 v0x130733260_0, 0;
T_3.2 ;
    %load/vec4 v0x130733260_0;
    %cmpi/e 1, 0, 3;
    %jmp/0xz  T_3.4, 4;
    %pushi/vec4 2, 0, 3;
    %assign/vec4 v0x130733260_0, 0;
T_3.4 ;
    %load/vec4 v0x130733260_0;
    %cmpi/e 2, 0, 3;
    %jmp/0xz  T_3.6, 4;
    %pushi/vec4 3, 0, 3;
    %assign/vec4 v0x130733260_0, 0;
T_3.6 ;
    %load/vec4 v0x130733260_0;
    %cmpi/e 3, 0, 3;
    %jmp/0xz  T_3.8, 4;
    %pushi/vec4 4, 0, 3;
    %assign/vec4 v0x130733260_0, 0;
T_3.8 ;
    %load/vec4 v0x130733260_0;
    %cmpi/e 4, 0, 3;
    %jmp/0xz  T_3.10, 4;
    %pushi/vec4 0, 0, 3;
    %assign/vec4 v0x130733260_0, 0;
T_3.10 ;
T_3.1 ;
    %jmp T_3;
    .thread T_3;
    .scope S_0x13070d730;
T_4 ;
    %pushi/vec4 0, 0, 1;
    %store/vec4 v0x130733d50_0, 0, 1;
    %delay 500000, 0;
    %pushi/vec4 1, 0, 1;
    %store/vec4 v0x130733d50_0, 0, 1;
    %delay 500000, 0;
    %jmp T_4;
    .thread T_4;
    .scope S_0x13070d730;
T_5 ;
    %vpi_call 2 23 "$dumpfile", "CPU1.vcd" {0 0 0};
    %vpi_call 2 24 "$dumpvars", 32'sb00000000000000000000000000000000, S_0x13070d730 {0 0 0};
    %pushi/vec4 1, 0, 1;
    %store/vec4 v0x130733e60_0, 0, 1;
    %delay 5000000, 0;
    %pushi/vec4 0, 0, 1;
    %store/vec4 v0x130733e60_0, 0, 1;
    %pushi/vec4 25093, 0, 16;
    %store/vec4 v0x130733cc0_0, 0, 16;
    %delay 5000000, 0;
    %pushi/vec4 25603, 0, 16;
    %store/vec4 v0x130733cc0_0, 0, 16;
    %delay 5000000, 0;
    %pushi/vec4 5712, 0, 16;
    %store/vec4 v0x130733cc0_0, 0, 16;
    %delay 5000000, 0;
    %pushi/vec4 9928, 0, 16;
    %store/vec4 v0x130733cc0_0, 0, 16;
    %delay 5000000, 0;
    %vpi_call 2 35 "$finish" {0 0 0};
    %end;
    .thread T_5;
    .scope S_0x13070d730;
T_6 ;
    %vpi_call 2 38 "$monitor", $time, "ck=%b, res=%b,INST=%h", v0x130733d50_0, v0x130733e60_0, v0x130733cc0_0 {0 0 0};
    %end;
    .thread T_6;
# The file index is used to find the file name in the following table.
:file_names 7;
    "N/A";
    "<interactive>";
    "CPU1_tp.v";
    "CPU1.v";
    "./ALU.v";
    "./decoder.v";
    "./regfile.v";
